May 21, 2025 7:49:24 PM edu.curtin.app.file_output.FileOutput writeToFile
INFO: writing to file
May 21, 2025 7:49:24 PM edu.curtin.app.simulation.SimulationRunner notifyObservers
INFO: observers are notified of a new day
May 21, 2025 7:49:25 PM edu.curtin.app.file_output.FileOutput writeToFile
INFO: writing to file
May 21, 2025 7:49:25 PM edu.curtin.app.simulation.SimulationRunner notifyObservers
INFO: observers are notified of a new day
May 21, 2025 7:49:25 PM edu.curtin.app.simulation.SimulationRunner runSimulation
INFO: Town founding
May 21, 2025 7:49:25 PM edu.curtin.app.simulation.SimulationRunner runSimulation
INFO: Town founding
May 21, 2025 7:49:25 PM edu.curtin.app.simulation.SimulationRunner printTownData
INFO: Printing day info for a town
May 21, 2025 7:49:25 PM edu.curtin.app.simulation.SimulationRunner printTownData
INFO: Printing day info for a town
May 21, 2025 7:49:26 PM edu.curtin.app.simulation.SimulationRunner notifyObservers
INFO: observers are notified of a new day
May 21, 2025 7:49:26 PM edu.curtin.app.simulation.SimulationRunner notifyObservers
INFO: observers are notified of a new day
May 21, 2025 7:49:26 PM edu.curtin.app.file_output.FileOutput writeToFile
INFO: writing to file
May 21, 2025 7:49:26 PM edu.curtin.app.file_output.FileOutput buildString
INFO: reading town info for file output string
May 21, 2025 7:49:26 PM edu.curtin.app.file_output.FileOutput buildString
INFO: reading town info for file output string
May 21, 2025 7:49:26 PM edu.curtin.app.simulation.SimulationRunner notifyObservers
INFO: observers are notified of a new day
May 21, 2025 7:49:26 PM edu.curtin.app.simulation.SimulationRunner runSimulation
INFO: Town population
May 21, 2025 7:49:26 PM edu.curtin.app.simulation.SimulationRunner printTownData
INFO: Printing day info for a town
May 21, 2025 7:49:26 PM edu.curtin.app.simulation.SimulationRunner printTownData
INFO: Printing day info for a town
May 21, 2025 7:49:27 PM edu.curtin.app.simulation.SimulationRunner notifyObservers
INFO: observers are notified of a new day
May 21, 2025 7:49:27 PM edu.curtin.app.simulation.SimulationRunner notifyObservers
INFO: observers are notified of a new day
May 21, 2025 7:49:27 PM edu.curtin.app.file_output.FileOutput writeToFile
INFO: writing to file
May 21, 2025 7:49:27 PM edu.curtin.app.file_output.FileOutput buildString
INFO: reading town info for file output string
May 21, 2025 7:49:27 PM edu.curtin.app.file_output.FileOutput buildString
INFO: reading town info for file output string
May 21, 2025 7:49:27 PM edu.curtin.app.simulation.SimulationRunner notifyObservers
INFO: observers are notified of a new day
May 21, 2025 7:49:27 PM edu.curtin.app.simulation.SimulationRunner runSimulation
INFO: railway construction
May 21, 2025 7:49:27 PM edu.curtin.app.simulation.SimulationRunner printTownData
INFO: Printing day info for a town
May 21, 2025 7:49:27 PM edu.curtin.app.simulation.SimulationRunner printTownData
INFO: Printing day info for a town
